15:21:44 DEBUG : Logs will be stored at 'C:/Users/john.meisner/Workspace/ultra96_bex/app_bex/IDE.log'.
15:21:47 INFO  : Launching XSCT server: xsct.bat -n  -interactive C:\Users\john.meisner\Workspace\ultra96_bex\app_bex\temp_xsdb_launch_script.tcl
15:21:47 INFO  : Registering command handlers for Vitis TCF services
15:21:47 INFO  : Platform repository initialization has completed.
15:21:49 INFO  : XSCT server has started successfully.
15:21:49 INFO  : Successfully done setting XSCT server connection channel  
15:21:49 INFO  : plnx-install-location is set to ''
15:21:49 INFO  : Successfully done query RDI_DATADIR 
15:21:49 INFO  : Successfully done setting workspace for the tool. 
<<<<<<< HEAD
=======
13:39:40 DEBUG : Logs will be stored at 'C:/Users/john.meisner/Workspace/ultra96_bex/app_bex/IDE.log'.
13:39:42 INFO  : Launching XSCT server: xsct.bat -n  -interactive C:\Users\john.meisner\Workspace\ultra96_bex\app_bex\temp_xsdb_launch_script.tcl
13:39:42 INFO  : Registering command handlers for Vitis TCF services
13:39:42 INFO  : Platform repository initialization has completed.
13:39:44 INFO  : XSCT server has started successfully.
13:39:44 INFO  : Successfully done setting XSCT server connection channel  
13:39:44 INFO  : plnx-install-location is set to ''
13:39:44 INFO  : Successfully done setting workspace for the tool. 
13:39:44 INFO  : Successfully done query RDI_DATADIR 
07:58:33 DEBUG : Logs will be stored at 'C:/Users/john.meisner/Workspace/ultra96_bex/app_bex/IDE.log'.
07:58:34 INFO  : Launching XSCT server: xsct.bat -n  -interactive C:\Users\john.meisner\Workspace\ultra96_bex\app_bex\temp_xsdb_launch_script.tcl
07:58:35 INFO  : Registering command handlers for Vitis TCF services
07:58:35 INFO  : Platform repository initialization has completed.
07:58:36 INFO  : XSCT server has started successfully.
07:58:36 INFO  : plnx-install-location is set to ''
07:58:37 INFO  : Successfully done setting XSCT server connection channel  
07:58:37 INFO  : Successfully done query RDI_DATADIR 
07:58:37 INFO  : Successfully done setting workspace for the tool. 
>>>>>>> 146f7f05d921d28f1611281ad25d89a49f19a147
